<?xml version="1.0" encoding="UTF-8"?>
<testng-results skipped="0" failed="0" ignored="0" total="2" passed="2">
  <reporter-output>
  </reporter-output>
  <suite name="Page Object Model Suite" duration-ms="28516" started-at="2020-05-18T09:54:17 IST" finished-at="2020-05-18T09:54:46 IST">
    <groups>
    </groups>
    <test name="Login Test" duration-ms="4962" started-at="2020-05-18T09:54:17 IST" finished-at="2020-05-18T09:54:22 IST">
      <class name="com.qa.testcases.LoginTest">
        <test-method status="PASS" signature="loginTest(java.util.Hashtable)[pri:0, instance:com.qa.testcases.LoginTest@60bdf15d]" name="loginTest" duration-ms="4014" started-at="2020-05-18T09:54:17 IST" data-provider="dp" finished-at="2020-05-18T09:54:21 IST">
          <params>
            <param index="0">
              <value>
                <![CDATA[{uname=mpseli.6@gmail.com, pass=pihu@Prafull, runmode=Y}]]>
              </value>
            </param>
          </params>
          <reporter-output>
          </reporter-output>
        </test-method> <!-- loginTest -->
      </class> <!-- com.qa.testcases.LoginTest -->
    </test> <!-- Login Test -->
    <test name="Create Account Test" duration-ms="13420" started-at="2020-05-18T09:54:32 IST" finished-at="2020-05-18T09:54:46 IST">
      <class name="com.qa.testcases.CreateAccountTest">
        <test-method status="PASS" signature="createAccountTest(java.util.Hashtable)[pri:0, instance:com.qa.testcases.CreateAccountTest@62dae245]" name="createAccountTest" duration-ms="13267" started-at="2020-05-18T09:54:32 IST" data-provider="dp" finished-at="2020-05-18T09:54:46 IST">
          <params>
            <param index="0">
              <value>
                <![CDATA[{name=manisha}]]>
              </value>
            </param>
          </params>
          <reporter-output>
          </reporter-output>
        </test-method> <!-- createAccountTest -->
      </class> <!-- com.qa.testcases.CreateAccountTest -->
    </test> <!-- Create Account Test -->
  </suite> <!-- Page Object Model Suite -->
</testng-results>
